0 info it worked if it ends with ok
1 verbose cli [ '/Users/ethan/.nvm/versions/node/v7.7.2/bin/node',
1 verbose cli   '/Users/ethan/.nvm/versions/node/v7.7.2/bin/npm',
1 verbose cli   'start' ]
2 info using npm@4.1.2
3 info using node@v7.7.2
4 verbose run-script [ 'prestart', 'start', 'poststart' ]
5 info lifecycle crowdfunding-server@0.0.1~prestart: crowdfunding-server@0.0.1
6 silly lifecycle crowdfunding-server@0.0.1~prestart: no script for prestart, continuing
7 info lifecycle crowdfunding-server@0.0.1~start: crowdfunding-server@0.0.1
8 verbose lifecycle crowdfunding-server@0.0.1~start: unsafe-perm in lifecycle true
9 verbose lifecycle crowdfunding-server@0.0.1~start: PATH: /Users/ethan/.nvm/versions/node/v7.7.2/lib/node_modules/npm/bin/node-gyp-bin:/Users/ethan/Desktop/projects/crowdfunding-server/node_modules/.bin:/Users/ethan/ImageMagick-6.9.3/bin:/Users/ethan/.nvm/versions/node/v7.7.2/bin:/usr/local/heroku/bin:/Users/ethan/.rvm/gems/ruby-2.2.4/bin:/Users/ethan/.rvm/gems/ruby-2.2.4@global/bin:/Users/ethan/.rvm/rubies/ruby-2.2.4/bin:/Users/ethan/node_modules/.bin/:/usr/local/bin:/usr/bin:/bin:/usr/sbin:/sbin:/usr/local/share/dotnet:/Library/Frameworks/Mono.framework/Versions/Current/Commands:/Users/ethan/.rvm/bin:/Users/ethan/.rvm/bin
10 verbose lifecycle crowdfunding-server@0.0.1~start: CWD: /Users/ethan/Desktop/projects/crowdfunding-server
11 silly lifecycle crowdfunding-server@0.0.1~start: Args: [ '-c', 'babel -d dist/ src/ && node dist/server.js' ]
12 silly lifecycle crowdfunding-server@0.0.1~start: Returned: code: 1  signal: null
13 info lifecycle crowdfunding-server@0.0.1~start: Failed to exec start script
14 verbose stack Error: crowdfunding-server@0.0.1 start: `babel -d dist/ src/ && node dist/server.js`
14 verbose stack Exit status 1
14 verbose stack     at EventEmitter.<anonymous> (/Users/ethan/.nvm/versions/node/v7.7.2/lib/node_modules/npm/lib/utils/lifecycle.js:279:16)
14 verbose stack     at emitTwo (events.js:106:13)
14 verbose stack     at EventEmitter.emit (events.js:194:7)
14 verbose stack     at ChildProcess.<anonymous> (/Users/ethan/.nvm/versions/node/v7.7.2/lib/node_modules/npm/lib/utils/spawn.js:40:14)
14 verbose stack     at emitTwo (events.js:106:13)
14 verbose stack     at ChildProcess.emit (events.js:194:7)
14 verbose stack     at maybeClose (internal/child_process.js:899:16)
14 verbose stack     at Process.ChildProcess._handle.onexit (internal/child_process.js:226:5)
15 verbose pkgid crowdfunding-server@0.0.1
16 verbose cwd /Users/ethan/Desktop/projects/crowdfunding-server
17 error Darwin 16.6.0
18 error argv "/Users/ethan/.nvm/versions/node/v7.7.2/bin/node" "/Users/ethan/.nvm/versions/node/v7.7.2/bin/npm" "start"
19 error node v7.7.2
20 error npm  v4.1.2
21 error code ELIFECYCLE
22 error crowdfunding-server@0.0.1 start: `babel -d dist/ src/ && node dist/server.js`
22 error Exit status 1
23 error Failed at the crowdfunding-server@0.0.1 start script 'babel -d dist/ src/ && node dist/server.js'.
23 error Make sure you have the latest version of node.js and npm installed.
23 error If you do, this is most likely a problem with the crowdfunding-server package,
23 error not with npm itself.
23 error Tell the author that this fails on your system:
23 error     babel -d dist/ src/ && node dist/server.js
23 error You can get information on how to open an issue for this project with:
23 error     npm bugs crowdfunding-server
23 error Or if that isn't available, you can get their info via:
23 error     npm owner ls crowdfunding-server
23 error There is likely additional logging output above.
24 verbose exit [ 1, true ]
